2025-12-23 11:09:05 - __main__ - INFO - Bot startup tasks...
2025-12-23 11:09:05 - __main__ - INFO - Bot sozlandi va tayyor!
2025-12-23 11:09:05 - __main__ - INFO - API client session initialized
2025-12-23 11:09:05 - __main__ - INFO - Polling mode enabled (for development)
2025-12-23 11:09:05 - __main__ - INFO - Bot polling started...
2025-12-23 11:09:05 - aiogram.dispatcher - INFO - Start polling
2025-12-23 11:09:06 - aiogram.dispatcher - INFO - Run polling for bot @Kamunal_manitoring_bot id=8508409899 - 'Kamunal Bot'
2025-12-23 11:09:06 - services.api - WARNING - API Client Error for http://web:8000/api/user/users/ (attempt 1/3): Cannot connect to host web:8000 ssl:default [Temporary failure in name resolution]
2025-12-23 11:09:07 - services.api - WARNING - API Client Error for http://web:8000/api/user/users/ (attempt 2/3): Cannot connect to host web:8000 ssl:default [Temporary failure in name resolution]
2025-12-23 11:09:09 - services.api - WARNING - API Client Error for http://web:8000/api/user/users/ (attempt 3/3): Cannot connect to host web:8000 ssl:default [Temporary failure in name resolution]
2025-12-23 11:09:09 - services.api - WARNING - API Client Error for http://web:8000/api/user/users/ (attempt 1/3): Cannot connect to host web:8000 ssl:default [Temporary failure in name resolution]
2025-12-23 11:09:10 - services.api - WARNING - API Client Error for http://web:8000/api/user/users/ (attempt 2/3): Cannot connect to host web:8000 ssl:default [Temporary failure in name resolution]
2025-12-23 11:09:12 - services.api - WARNING - API Client Error for http://web:8000/api/user/users/ (attempt 3/3): Cannot connect to host web:8000 ssl:default [Temporary failure in name resolution]
2025-12-23 11:09:12 - middlewares.auth - ERROR - User yaratib bo'lmadi: 5652442685,Response: None
2025-12-23 11:09:12 - services.api - WARNING - API Client Error for http://web:8000/api/admin/admins/ (attempt 1/3): Cannot connect to host web:8000 ssl:default [Temporary failure in name resolution]
2025-12-23 11:09:13 - services.api - WARNING - API Client Error for http://web:8000/api/admin/admins/ (attempt 2/3): Cannot connect to host web:8000 ssl:default [Temporary failure in name resolution]
2025-12-23 11:09:15 - services.api - WARNING - API Client Error for http://web:8000/api/admin/admins/ (attempt 3/3): Cannot connect to host web:8000 ssl:default [Temporary failure in name resolution]
2025-12-23 11:09:16 - aiogram.event - INFO - Update id=467551433 is handled. Duration 10328 ms by bot id=8508409899
2025-12-23 11:09:25 - services.api - WARNING - API Client Error for http://web:8000/api/user/users/ (attempt 1/3): Cannot connect to host web:8000 ssl:default [Temporary failure in name resolution]
2025-12-23 11:09:26 - services.api - WARNING - API Client Error for http://web:8000/api/user/users/ (attempt 2/3): Cannot connect to host web:8000 ssl:default [Temporary failure in name resolution]
2025-12-23 11:09:28 - services.api - WARNING - API Client Error for http://web:8000/api/user/users/ (attempt 3/3): Cannot connect to host web:8000 ssl:default [Temporary failure in name resolution]
2025-12-23 11:09:28 - services.api - WARNING - API Client Error for http://web:8000/api/user/users/ (attempt 1/3): Cannot connect to host web:8000 ssl:default [Temporary failure in name resolution]
2025-12-23 11:09:29 - services.api - WARNING - API Client Error for http://web:8000/api/user/users/ (attempt 2/3): Cannot connect to host web:8000 ssl:default [Temporary failure in name resolution]
2025-12-23 11:09:31 - services.api - WARNING - API Client Error for http://web:8000/api/user/users/ (attempt 3/3): Cannot connect to host web:8000 ssl:default [Temporary failure in name resolution]
2025-12-23 11:09:31 - middlewares.auth - ERROR - User yaratib bo'lmadi: 5652442685,Response: None
2025-12-23 11:09:31 - services.api - WARNING - API Client Error for http://web:8000/api/admin/admins/ (attempt 1/3): Cannot connect to host web:8000 ssl:default [Temporary failure in name resolution]
2025-12-23 11:09:32 - services.api - WARNING - API Client Error for http://web:8000/api/admin/admins/ (attempt 2/3): Cannot connect to host web:8000 ssl:default [Temporary failure in name resolution]
2025-12-23 11:09:34 - services.api - WARNING - API Client Error for http://web:8000/api/admin/admins/ (attempt 3/3): Cannot connect to host web:8000 ssl:default [Temporary failure in name resolution]
2025-12-23 11:09:34 - aiogram.event - INFO - Update id=467551434 is handled. Duration 9315 ms by bot id=8508409899
2025-12-23 11:09:38 - services.api - WARNING - API Client Error for http://web:8000/api/user/users/ (attempt 1/3): Cannot connect to host web:8000 ssl:default [Temporary failure in name resolution]
2025-12-23 11:09:39 - services.api - WARNING - API Client Error for http://web:8000/api/user/users/ (attempt 2/3): Cannot connect to host web:8000 ssl:default [Temporary failure in name resolution]
2025-12-23 11:09:41 - services.api - WARNING - API Client Error for http://web:8000/api/user/users/ (attempt 3/3): Cannot connect to host web:8000 ssl:default [Temporary failure in name resolution]
2025-12-23 11:09:41 - services.api - WARNING - API Client Error for http://web:8000/api/user/users/ (attempt 1/3): Cannot connect to host web:8000 ssl:default [Temporary failure in name resolution]
2025-12-23 11:09:42 - services.api - WARNING - API Client Error for http://web:8000/api/user/users/ (attempt 2/3): Cannot connect to host web:8000 ssl:default [Temporary failure in name resolution]
2025-12-23 11:09:44 - services.api - WARNING - API Client Error for http://web:8000/api/user/users/ (attempt 3/3): Cannot connect to host web:8000 ssl:default [Temporary failure in name resolution]
2025-12-23 11:09:44 - middlewares.auth - ERROR - User yaratib bo'lmadi: 5652442685,Response: None
2025-12-23 11:09:44 - services.api - WARNING - API Client Error for http://web:8000/api/admin/categories/?lang=uz (attempt 1/3): Cannot connect to host web:8000 ssl:default [Temporary failure in name resolution]
2025-12-23 11:09:45 - services.api - WARNING - API Client Error for http://web:8000/api/admin/categories/?lang=uz (attempt 2/3): Cannot connect to host web:8000 ssl:default [Temporary failure in name resolution]
2025-12-23 11:09:47 - services.api - WARNING - API Client Error for http://web:8000/api/admin/categories/?lang=uz (attempt 3/3): Cannot connect to host web:8000 ssl:default [Temporary failure in name resolution]
2025-12-23 11:09:48 - aiogram.event - INFO - Update id=467551435 is handled. Duration 9236 ms by bot id=8508409899
2025-12-23 11:09:59 - services.api - WARNING - API Client Error for http://web:8000/api/user/users/ (attempt 1/3): Cannot connect to host web:8000 ssl:default [Temporary failure in name resolution]
2025-12-23 11:10:00 - services.api - WARNING - API Client Error for http://web:8000/api/user/users/ (attempt 2/3): Cannot connect to host web:8000 ssl:default [Temporary failure in name resolution]
2025-12-23 11:10:02 - services.api - WARNING - API Client Error for http://web:8000/api/user/users/ (attempt 3/3): Cannot connect to host web:8000 ssl:default [Temporary failure in name resolution]
2025-12-23 11:10:02 - services.api - WARNING - API Client Error for http://web:8000/api/user/users/ (attempt 1/3): Cannot connect to host web:8000 ssl:default [Temporary failure in name resolution]
2025-12-23 11:10:03 - services.api - WARNING - API Client Error for http://web:8000/api/user/users/ (attempt 2/3): Cannot connect to host web:8000 ssl:default [Temporary failure in name resolution]
2025-12-23 11:10:05 - services.api - WARNING - API Client Error for http://web:8000/api/user/users/ (attempt 3/3): Cannot connect to host web:8000 ssl:default [Temporary failure in name resolution]
2025-12-23 11:10:05 - middlewares.auth - ERROR - User yaratib bo'lmadi: 5652442685,Response: None
2025-12-23 11:10:05 - services.api - WARNING - API Client Error for http://web:8000/api/ticket/tickets/ (attempt 1/3): Cannot connect to host web:8000 ssl:default [Temporary failure in name resolution]
2025-12-23 11:10:06 - services.api - WARNING - API Client Error for http://web:8000/api/ticket/tickets/ (attempt 2/3): Cannot connect to host web:8000 ssl:default [Temporary failure in name resolution]
2025-12-23 11:10:09 - services.api - WARNING - API Client Error for http://web:8000/api/ticket/tickets/ (attempt 3/3): Cannot connect to host web:8000 ssl:default [Temporary failure in name resolution]
2025-12-23 11:10:09 - aiogram.event - INFO - Update id=467551436 is handled. Duration 9288 ms by bot id=8508409899
2025-12-23 11:10:17 - services.api - WARNING - API Client Error for http://web:8000/api/user/users/ (attempt 1/3): Cannot connect to host web:8000 ssl:default [Temporary failure in name resolution]
2025-12-23 11:10:18 - services.api - WARNING - API Client Error for http://web:8000/api/user/users/ (attempt 2/3): Cannot connect to host web:8000 ssl:default [Temporary failure in name resolution]
2025-12-23 11:10:20 - services.api - WARNING - API Client Error for http://web:8000/api/user/users/ (attempt 3/3): Cannot connect to host web:8000 ssl:default [Temporary failure in name resolution]
2025-12-23 11:10:20 - services.api - WARNING - API Client Error for http://web:8000/api/user/users/ (attempt 1/3): Cannot connect to host web:8000 ssl:default [Temporary failure in name resolution]
2025-12-23 11:10:21 - services.api - WARNING - API Client Error for http://web:8000/api/user/users/ (attempt 2/3): Cannot connect to host web:8000 ssl:default [Temporary failure in name resolution]
2025-12-23 11:10:23 - services.api - WARNING - API Client Error for http://web:8000/api/user/users/ (attempt 3/3): Cannot connect to host web:8000 ssl:default [Temporary failure in name resolution]
2025-12-23 11:10:23 - middlewares.auth - ERROR - User yaratib bo'lmadi: 5652442685,Response: None
2025-12-23 11:10:23 - services.api - WARNING - API Client Error for http://web:8000/api/ticket/tickets/ (attempt 1/3): Cannot connect to host web:8000 ssl:default [Temporary failure in name resolution]
2025-12-23 11:10:24 - services.api - WARNING - API Client Error for http://web:8000/api/ticket/tickets/ (attempt 2/3): Cannot connect to host web:8000 ssl:default [Temporary failure in name resolution]
2025-12-23 11:10:26 - services.api - WARNING - API Client Error for http://web:8000/api/ticket/tickets/ (attempt 3/3): Cannot connect to host web:8000 ssl:default [Temporary failure in name resolution]
2025-12-23 11:10:26 - services.api - WARNING - API Client Error for http://web:8000/api/admin/admins/ (attempt 1/3): Cannot connect to host web:8000 ssl:default [Temporary failure in name resolution]
2025-12-23 11:10:27 - services.api - WARNING - API Client Error for http://web:8000/api/admin/admins/ (attempt 2/3): Cannot connect to host web:8000 ssl:default [Temporary failure in name resolution]
2025-12-23 11:10:29 - services.api - WARNING - API Client Error for http://web:8000/api/admin/admins/ (attempt 3/3): Cannot connect to host web:8000 ssl:default [Temporary failure in name resolution]
2025-12-23 11:10:29 - services.api - WARNING - API Client Error for http://web:8000/api/user/users/ (attempt 1/3): Cannot connect to host web:8000 ssl:default [Temporary failure in name resolution]
2025-12-23 11:10:30 - services.api - WARNING - API Client Error for http://web:8000/api/user/users/ (attempt 2/3): Cannot connect to host web:8000 ssl:default [Temporary failure in name resolution]
2025-12-23 11:10:32 - services.api - WARNING - API Client Error for http://web:8000/api/user/users/ (attempt 3/3): Cannot connect to host web:8000 ssl:default [Temporary failure in name resolution]
2025-12-23 11:10:32 - services.api - WARNING - API Client Error for http://web:8000/api/admin/categories/?lang=uz (attempt 1/3): Cannot connect to host web:8000 ssl:default [Temporary failure in name resolution]
2025-12-23 11:10:33 - services.api - WARNING - API Client Error for http://web:8000/api/admin/categories/?lang=uz (attempt 2/3): Cannot connect to host web:8000 ssl:default [Temporary failure in name resolution]
2025-12-23 11:10:35 - services.api - WARNING - API Client Error for http://web:8000/api/admin/categories/?lang=uz (attempt 3/3): Cannot connect to host web:8000 ssl:default [Temporary failure in name resolution]
2025-12-23 11:10:35 - aiogram.event - INFO - Update id=467551437 is handled. Duration 18363 ms by bot id=8508409899
2025-12-23 11:10:50 - services.api - WARNING - API Client Error for http://web:8000/api/user/users/ (attempt 1/3): Cannot connect to host web:8000 ssl:default [Temporary failure in name resolution]
2025-12-23 11:10:51 - services.api - WARNING - API Client Error for http://web:8000/api/user/users/ (attempt 2/3): Cannot connect to host web:8000 ssl:default [Temporary failure in name resolution]
2025-12-23 11:10:53 - services.api - WARNING - API Client Error for http://web:8000/api/user/users/ (attempt 3/3): Cannot connect to host web:8000 ssl:default [Temporary failure in name resolution]
2025-12-23 11:10:53 - services.api - WARNING - API Client Error for http://web:8000/api/user/users/ (attempt 1/3): Cannot connect to host web:8000 ssl:default [Temporary failure in name resolution]
2025-12-23 11:10:54 - services.api - WARNING - API Client Error for http://web:8000/api/user/users/ (attempt 2/3): Cannot connect to host web:8000 ssl:default [Temporary failure in name resolution]
2025-12-23 11:10:56 - services.api - WARNING - API Client Error for http://web:8000/api/user/users/ (attempt 3/3): Cannot connect to host web:8000 ssl:default [Temporary failure in name resolution]
2025-12-23 11:10:56 - middlewares.auth - ERROR - User yaratib bo'lmadi: 5652442685,Response: None
2025-12-23 11:10:57 - aiogram.event - INFO - Update id=467551438 is handled. Duration 6215 ms by bot id=8508409899
2025-12-23 11:11:00 - services.api - WARNING - API Client Error for http://web:8000/api/user/users/ (attempt 1/3): Cannot connect to host web:8000 ssl:default [Temporary failure in name resolution]
2025-12-23 11:11:01 - services.api - WARNING - API Client Error for http://web:8000/api/user/users/ (attempt 2/3): Cannot connect to host web:8000 ssl:default [Temporary failure in name resolution]
2025-12-23 11:11:03 - services.api - WARNING - API Client Error for http://web:8000/api/user/users/ (attempt 3/3): Cannot connect to host web:8000 ssl:default [Temporary failure in name resolution]
2025-12-23 11:11:03 - services.api - WARNING - API Client Error for http://web:8000/api/user/users/ (attempt 1/3): Cannot connect to host web:8000 ssl:default [Temporary failure in name resolution]
2025-12-23 11:11:04 - services.api - WARNING - API Client Error for http://web:8000/api/user/users/ (attempt 2/3): Cannot connect to host web:8000 ssl:default [Temporary failure in name resolution]
2025-12-23 11:11:06 - services.api - WARNING - API Client Error for http://web:8000/api/user/users/ (attempt 3/3): Cannot connect to host web:8000 ssl:default [Temporary failure in name resolution]
2025-12-23 11:11:06 - middlewares.auth - ERROR - User yaratib bo'lmadi: 5652442685,Response: None
2025-12-23 11:11:06 - routers.user - INFO - Language button pressed. Received text: '🌐 Til / Language / Язык'
2025-12-23 11:11:06 - aiogram.event - INFO - Update id=467551439 is handled. Duration 6193 ms by bot id=8508409899
2025-12-23 11:11:10 - services.api - WARNING - API Client Error for http://web:8000/api/user/users/ (attempt 1/3): Cannot connect to host web:8000 ssl:default [Temporary failure in name resolution]
2025-12-23 11:11:11 - services.api - WARNING - API Client Error for http://web:8000/api/user/users/ (attempt 2/3): Cannot connect to host web:8000 ssl:default [Temporary failure in name resolution]
2025-12-23 11:11:13 - services.api - WARNING - API Client Error for http://web:8000/api/user/users/ (attempt 3/3): Cannot connect to host web:8000 ssl:default [Temporary failure in name resolution]
2025-12-23 11:11:13 - services.api - WARNING - API Client Error for http://web:8000/api/user/users/ (attempt 1/3): Cannot connect to host web:8000 ssl:default [Temporary failure in name resolution]
2025-12-23 11:11:14 - services.api - WARNING - API Client Error for http://web:8000/api/user/users/ (attempt 2/3): Cannot connect to host web:8000 ssl:default [Temporary failure in name resolution]
2025-12-23 11:11:16 - services.api - WARNING - API Client Error for http://web:8000/api/user/users/ (attempt 3/3): Cannot connect to host web:8000 ssl:default [Temporary failure in name resolution]
2025-12-23 11:11:16 - middlewares.auth - ERROR - User yaratib bo'lmadi: 5652442685,Response: None
2025-12-23 11:11:16 - aiogram.event - INFO - Update id=467551440 is handled. Duration 6287 ms by bot id=8508409899
2025-12-23 11:11:20 - services.api - WARNING - API Client Error for http://web:8000/api/user/users/ (attempt 1/3): Cannot connect to host web:8000 ssl:default [Temporary failure in name resolution]
2025-12-23 11:11:21 - services.api - WARNING - API Client Error for http://web:8000/api/user/users/ (attempt 2/3): Cannot connect to host web:8000 ssl:default [Temporary failure in name resolution]
2025-12-23 11:11:23 - services.api - WARNING - API Client Error for http://web:8000/api/user/users/ (attempt 3/3): Cannot connect to host web:8000 ssl:default [Temporary failure in name resolution]
2025-12-23 11:11:23 - services.api - WARNING - API Client Error for http://web:8000/api/user/users/ (attempt 1/3): Cannot connect to host web:8000 ssl:default [Temporary failure in name resolution]
2025-12-23 11:11:24 - services.api - WARNING - API Client Error for http://web:8000/api/user/users/ (attempt 2/3): Cannot connect to host web:8000 ssl:default [Temporary failure in name resolution]
2025-12-23 11:11:26 - services.api - WARNING - API Client Error for http://web:8000/api/user/users/ (attempt 3/3): Cannot connect to host web:8000 ssl:default [Temporary failure in name resolution]
2025-12-23 11:11:26 - middlewares.auth - ERROR - User yaratib bo'lmadi: 5652442685,Response: None
2025-12-23 11:11:26 - aiogram.event - INFO - Update id=467551441 is handled. Duration 6225 ms by bot id=8508409899
2025-12-23 11:14:10 - aiogram.dispatcher - WARNING - Received SIGINT signal
2025-12-23 11:14:10 - aiogram.dispatcher - WARNING - Received SIGTERM signal
2025-12-23 11:14:10 - aiogram.dispatcher - INFO - Polling stopped for bot @Kamunal_manitoring_bot id=8508409899 - 'Kamunal Bot'
2025-12-23 11:14:10 - aiogram.dispatcher - INFO - Polling stopped
2025-12-23 11:14:11 - __main__ - INFO - Bot shutdown tasks...
2025-12-23 11:14:11 - services.api - INFO - API client session closed
2025-12-23 11:14:11 - __main__ - INFO - Bot shutdown complete
2025-12-23 11:14:22 - __main__ - INFO - Bot startup tasks...
2025-12-23 11:14:22 - __main__ - INFO - Bot sozlandi va tayyor!
2025-12-23 11:14:22 - __main__ - INFO - API client session initialized
2025-12-23 11:14:22 - __main__ - INFO - Polling mode enabled (for development)
2025-12-23 11:14:22 - __main__ - INFO - Bot polling started...
2025-12-23 11:14:22 - aiogram.dispatcher - INFO - Start polling
2025-12-23 11:14:23 - aiogram.dispatcher - INFO - Run polling for bot @Kamunal_manitoring_bot id=8508409899 - 'Kamunal Bot'
2025-12-23 11:14:31 - aiogram.event - INFO - Update id=467551442 is handled. Duration 2716 ms by bot id=8508409899
2025-12-23 11:14:34 - aiogram.event - INFO - Update id=467551443 is handled. Duration 609 ms by bot id=8508409899
2025-12-23 11:14:39 - aiogram.event - INFO - Update id=467551444 is handled. Duration 390 ms by bot id=8508409899
2025-12-23 11:14:42 - aiogram.event - INFO - Update id=467551445 is handled. Duration 334 ms by bot id=8508409899
2025-12-23 11:14:44 - aiogram.event - INFO - Update id=467551446 is handled. Duration 358 ms by bot id=8508409899
2025-12-23 11:14:45 - aiogram.event - INFO - Update id=467551447 is handled. Duration 293 ms by bot id=8508409899
2025-12-23 11:14:50 - aiogram.event - INFO - Update id=467551448 is handled. Duration 172 ms by bot id=8508409899
2025-12-23 11:14:51 - routers.user - INFO - Language button pressed. Received text: '🌐 Язык / Language / Til'
2025-12-23 11:14:51 - aiogram.event - INFO - Update id=467551449 is handled. Duration 167 ms by bot id=8508409899
2025-12-23 11:14:54 - aiogram.event - INFO - Update id=467551450 is handled. Duration 837 ms by bot id=8508409899
2025-12-23 11:14:56 - aiogram.event - INFO - Update id=467551451 is handled. Duration 1201 ms by bot id=8508409899
2025-12-23 11:14:58 - aiogram.event - INFO - Update id=467551452 is handled. Duration 319 ms by bot id=8508409899
2025-12-23 11:15:04 - aiogram.event - INFO - Update id=467551453 is handled. Duration 140 ms by bot id=8508409899
2025-12-23 11:18:18 - aiogram.event - INFO - Update id=467551454 is handled. Duration 145 ms by bot id=8508409899
2025-12-23 11:18:20 - aiogram.event - INFO - Update id=467551455 is handled. Duration 1143 ms by bot id=8508409899
2025-12-23 11:18:21 - aiogram.event - INFO - Update id=467551456 is handled. Duration 140 ms by bot id=8508409899
2025-12-23 11:18:25 - aiogram.event - INFO - Update id=467551457 is handled. Duration 146 ms by bot id=8508409899
2025-12-23 11:18:28 - aiogram.event - INFO - Update id=467551458 is handled. Duration 345 ms by bot id=8508409899
2025-12-23 11:18:36 - aiogram.dispatcher - WARNING - Received SIGINT signal
2025-12-23 11:18:36 - aiogram.dispatcher - WARNING - Received SIGTERM signal
2025-12-23 11:18:36 - aiogram.dispatcher - INFO - Polling stopped for bot @Kamunal_manitoring_bot id=8508409899 - 'Kamunal Bot'
2025-12-23 11:18:36 - aiogram.dispatcher - INFO - Polling stopped
2025-12-23 11:18:36 - __main__ - INFO - Bot shutdown tasks...
2025-12-23 11:18:36 - services.api - INFO - API client session closed
2025-12-23 11:18:36 - __main__ - INFO - Bot shutdown complete
